SF:lib/config/speed_config.dart
DA:8,1
DA:15,1
DA:16,1
DA:22,1
DA:24,1
DA:25,4
DA:28,1
DA:30,1
DA:32,1
DA:34,1
DA:36,1
DA:38,1
DA:39,1
DA:41,1
DA:59,1
DA:60,3
DA:61,1
DA:62,1
DA:67,1
DA:68,2
DA:72,1
DA:74,1
DA:75,1
DA:79,1
DA:80,2
DA:81,1
DA:87,1
DA:89,1
DA:90,1
DA:91,1
DA:92,2
DA:94,1
DA:95,1
DA:101,1
DA:102,1
DA:103,3
DA:104,1
DA:105,2
DA:108,1
DA:109,1
DA:115,1
DA:116,1
DA:117,5
DA:118,2
DA:120,1
DA:121,1
LF:46
LH:46
end_of_record
SF:lib/config/text_config.dart
DA:10,1
DA:18,1
DA:19,1
DA:26,1
DA:28,1
DA:29,4
DA:30,3
DA:33,1
DA:35,2
DA:36,1
DA:39,1
DA:41,1
DA:43,1
DA:45,1
DA:47,1
DA:49,1
DA:50,1
DA:52,1
DA:70,1
DA:71,1
DA:76,1
DA:78,2
DA:88,2
DA:100,1
DA:101,0
DA:102,0
DA:104,0
DA:105,0
DA:111,0
DA:112,0
DA:113,0
DA:114,0
DA:115,0
DA:125,0
DA:126,0
DA:127,0
DA:128,0
DA:130,0
DA:131,0
DA:136,0
DA:137,0
DA:138,0
DA:139,0
DA:141,0
DA:142,0
DA:152,1
DA:155,1
DA:156,1
DA:157,1
DA:158,1
DA:160,1
DA:162,3
DA:168,1
DA:170,1
DA:171,1
DA:172,1
DA:173,2
DA:175,1
DA:176,1
DA:182,1
DA:183,1
DA:184,3
DA:185,1
DA:186,2
DA:189,1
DA:190,1
DA:196,1
DA:197,1
DA:198,3
DA:199,1
DA:200,4
DA:201,2
DA:203,1
DA:204,1
LF:74
LH:53
end_of_record
SF:lib/config/background_config.dart
DA:18,1
DA:28,1
DA:29,1
DA:41,1
DA:43,1
DA:44,3
DA:45,3
DA:46,3
DA:47,3
DA:48,1
DA:49,0
DA:53,0
DA:55,0
DA:56,0
DA:57,0
DA:58,0
DA:59,0
DA:63,0
DA:67,0
DA:69,0
DA:71,0
DA:72,0
DA:73,0
DA:74,0
DA:75,0
DA:79,0
DA:83,0
DA:84,0
DA:85,0
DA:86,0
DA:87,0
DA:93,0
DA:94,0
DA:95,0
DA:96,0
DA:97,0
DA:107,0
DA:108,0
DA:109,0
DA:110,0
DA:112,0
DA:113,0
DA:118,0
DA:119,0
DA:120,0
DA:121,0
DA:123,0
DA:125,0
DA:126,0
DA:137,0
DA:138,0
DA:139,0
DA:140,0
DA:141,0
DA:147,0
DA:148,0
DA:149,0
DA:150,0
DA:151,0
DA:161,0
DA:162,0
DA:163,0
DA:164,0
DA:166,0
DA:167,0
DA:172,0
DA:173,0
DA:174,0
DA:175,0
DA:177,0
DA:178,0
DA:189,0
DA:190,0
DA:192,0
DA:193,0
DA:194,0
DA:195,0
DA:197,0
DA:200,0
DA:201,0
DA:211,0
DA:212,0
DA:213,0
DA:214,0
DA:215,0
DA:217,0
DA:218,0
DA:220,0
DA:225,0
DA:227,0
DA:228,0
DA:229,0
DA:230,0
DA:232,0
DA:233,0
DA:238,0
DA:239,0
DA:240,0
DA:242,0
DA:243,0
DA:258,1
DA:259,2
DA:260,1
DA:263,1
DA:264,1
DA:265,1
DA:266,1
DA:274,1
DA:275,0
DA:278,0
DA:279,0
DA:280,0
DA:282,0
DA:283,0
DA:284,0
DA:285,0
DA:291,1
DA:294,1
DA:295,1
DA:296,1
DA:297,1
DA:308,1
DA:310,1
DA:312,1
DA:314,1
DA:316,1
DA:318,1
DA:319,1
DA:321,1
DA:341,1
DA:343,1
DA:344,1
DA:345,1
DA:346,1
DA:348,1
DA:349,0
DA:350,0
DA:351,0
DA:362,1
DA:363,1
DA:364,1
DA:366,1
DA:367,1
DA:368,2
DA:369,1
DA:385,3
DA:394,1
DA:395,1
DA:396,1
DA:398,1
DA:407,1
DA:408,1
DA:409,1
DA:411,1
DA:413,0
DA:414,0
DA:415,0
DA:416,0
DA:424,1
DA:427,1
DA:434,1
DA:435,1
DA:436,1
DA:437,1
DA:440,1
DA:441,1
DA:442,1
DA:443,1
DA:445,1
DA:447,3
DA:452,1
DA:455,1
DA:457,1
DA:458,1
DA:459,1
DA:460,2
DA:462,1
DA:463,1
DA:469,1
DA:470,1
DA:471,3
DA:472,1
DA:473,2
DA:476,1
DA:477,1
DA:483,1
DA:484,1
DA:485,3
DA:486,2
DA:488,5
DA:489,2
DA:491,1
DA:492,1
LF:193
LH:88
end_of_record
SF:lib/main.dart
DA:11,0
DA:12,0
DA:16,2
DA:18,1
DA:20,1
DA:22,2
DA:31,1
DA:33,1
DA:34,1
DA:55,1
DA:57,1
DA:58,1
DA:59,2
DA:60,2
DA:63,2
DA:66,2
DA:67,1
DA:70,2
DA:73,2
DA:74,1
DA:79,1
DA:81,2
DA:82,1
DA:85,0
DA:86,0
DA:88,0
DA:89,0
DA:90,0
DA:91,0
DA:92,0
DA:93,0
DA:96,0
DA:99,0
DA:100,0
DA:103,0
DA:104,0
DA:107,0
DA:110,0
DA:111,0
DA:115,0
DA:116,0
DA:119,0
DA:120,0
DA:123,0
DA:126,0
DA:127,0
DA:131,0
DA:132,0
DA:135,0
DA:136,0
DA:139,0
DA:142,0
DA:143,0
DA:147,0
DA:148,0
DA:151,0
DA:152,0
DA:155,0
DA:158,0
DA:159,0
DA:167,0
DA:168,0
DA:169,0
DA:170,0
DA:175,1
DA:176,2
DA:177,1
DA:178,1
DA:179,1
DA:180,2
DA:181,1
DA:183,4
DA:184,2
DA:187,1
DA:188,1
DA:189,0
DA:190,0
DA:191,0
DA:192,0
DA:193,0
DA:194,0
DA:196,0
DA:197,0
DA:198,0
DA:199,0
DA:200,0
DA:201,0
DA:202,0
DA:203,0
DA:205,0
DA:208,0
DA:209,0
DA:210,0
DA:211,0
DA:212,0
DA:213,0
DA:214,0
DA:218,0
DA:219,0
DA:222,0
DA:225,0
DA:226,0
DA:227,0
DA:231,0
DA:232,0
DA:234,0
DA:238,0
DA:240,0
DA:241,0
DA:242,0
DA:243,0
DA:244,0
DA:248,0
DA:249,0
DA:250,0
DA:251,0
DA:252,0
DA:253,0
DA:255,0
DA:258,0
DA:259,0
DA:260,0
DA:261,0
DA:262,0
DA:263,0
DA:264,0
DA:268,0
DA:269,0
DA:270,0
DA:271,0
DA:272,0
DA:273,0
DA:274,0
DA:275,0
DA:276,0
DA:277,0
DA:278,0
DA:282,0
DA:283,0
DA:284,0
DA:285,0
DA:286,0
DA:287,0
DA:289,0
DA:293,1
DA:295,2
DA:296,1
DA:302,1
DA:303,1
DA:310,1
DA:311,2
DA:312,0
DA:313,0
DA:314,0
DA:317,0
DA:318,0
DA:319,0
DA:326,1
DA:329,3
DA:334,0
DA:335,0
DA:336,0
DA:337,0
DA:338,0
DA:339,0
DA:340,0
DA:341,0
DA:342,0
DA:348,0
DA:349,0
DA:350,0
DA:351,0
DA:352,0
DA:353,0
DA:354,0
DA:355,0
DA:356,0
DA:357,0
DA:358,0
DA:364,0
DA:365,0
DA:366,0
DA:367,0
DA:368,0
DA:369,0
DA:370,0
DA:371,0
DA:378,1
DA:379,1
DA:380,1
DA:381,1
DA:382,1
DA:384,1
DA:386,1
DA:388,1
DA:390,1
DA:392,1
DA:410,1
DA:411,1
DA:412,1
DA:413,1
DA:414,1
DA:415,1
DA:416,1
DA:428,1
DA:429,0
DA:430,0
DA:431,0
DA:432,0
DA:444,1
DA:446,1
DA:449,1
DA:450,0
DA:451,0
DA:453,1
DA:454,1
DA:467,1
DA:469,1
DA:470,5
DA:471,1
DA:472,1
DA:474,1
DA:475,1
DA:476,0
DA:477,0
DA:479,0
DA:480,0
DA:481,0
DA:482,0
DA:484,0
DA:487,0
DA:488,0
DA:490,0
DA:494,1
DA:495,2
DA:499,1
DA:500,1
DA:501,1
DA:502,1
DA:503,1
DA:504,1
DA:505,1
DA:506,1
DA:507,2
DA:508,2
DA:510,1
DA:511,1
DA:512,1
DA:513,1
DA:514,1
DA:516,1
DA:517,1
DA:529,1
DA:530,1
DA:531,1
DA:532,1
DA:533,1
DA:534,1
DA:535,2
DA:536,2
DA:538,1
DA:539,1
DA:540,1
DA:541,1
DA:542,1
DA:544,1
DA:545,1
DA:561,1
DA:564,1
DA:565,1
DA:566,1
DA:567,1
DA:568,1
DA:569,0
DA:570,1
DA:571,0
DA:572,1
DA:573,0
DA:574,1
DA:575,1
DA:578,2
DA:579,1
DA:581,1
DA:582,1
DA:583,1
DA:585,1
DA:590,1
DA:592,1
DA:593,1
DA:649,1
DA:652,1
DA:655,1
DA:674,1
DA:676,1
DA:687,1
DA:688,1
DA:689,1
DA:691,1
LF:298
LH:133
end_of_record
